{
  "RSpec": {
    "coverage": {
      "/Users/will/Turing/3module/projects/sweater-weather/config/environment.rb": [
        null,
        1,
        null,
        null,
        1
      ],
      "/Users/will/Turing/3module/projects/sweater-weather/config/application.rb": [
        1,
        null,
        1,
        null,
        1,
        1,
        1,
        1,
        1,
        1,
        1,
        1,
        null,
        null,
        null,
        null,
        null,
        1,
        null,
        1,
        1,
        null,
        1,
        null,
        null,
        null,
        null,
        null,
        null,
        null,
        null,
        null,
        1,
        null,
        null
      ],
      "/Users/will/Turing/3module/projects/sweater-weather/config/boot.rb": [
        1,
        null,
        1,
        1
      ],
      "/Users/will/Turing/3module/projects/sweater-weather/config/environments/test.rb": [
        1,
        null,
        null,
        null,
        null,
        null,
        null,
        1,
        null,
        null,
        null,
        null,
        1,
        null,
        null,
        1,
        1,
        null,
        null,
        null,
        null,
        1,
        1,
        null,
        null,
        1,
        null,
        null,
        1,
        null,
        null,
        1,
        null,
        1,
        null,
        null,
        null,
        null,
        1,
        null,
        null,
        1,
        null,
        null,
        null,
        null
      ],
      "/Users/will/Turing/3module/projects/sweater-weather/config/initializers/application_controller_renderer.rb": [
        null,
        null,
        null,
        null,
        null,
        null,
        null,
        null
      ],
      "/Users/will/Turing/3module/projects/sweater-weather/config/initializers/backtrace_silencers.rb": [
        null,
        null,
        null,
        null,
        null,
        null,
        null
      ],
      "/Users/will/Turing/3module/projects/sweater-weather/config/initializers/cors.rb": [
        null,
        null,
        null,
        null,
        null,
        null,
        null,
        null,
        null,
        null,
        null,
        null,
        null,
        null,
        null,
        null
      ],
      "/Users/will/Turing/3module/projects/sweater-weather/config/initializers/filter_parameter_logging.rb": [
        null,
        null,
        null,
        1
      ],
      "/Users/will/Turing/3module/projects/sweater-weather/config/initializers/inflections.rb": [
        null,
        null,
        null,
        null,
        null,
        null,
        null,
        null,
        null,
        null,
        null,
        null,
        null,
        null,
        null,
        null
      ],
      "/Users/will/Turing/3module/projects/sweater-weather/config/initializers/mime_types.rb": [
        null,
        null,
        null,
        null
      ],
      "/Users/will/Turing/3module/projects/sweater-weather/config/initializers/wrap_parameters.rb": [
        null,
        null,
        null,
        null,
        null,
        null,
        1,
        2,
        null,
        null,
        null,
        null,
        null,
        null
      ],
      "/Users/will/Turing/3module/projects/sweater-weather/config/routes.rb": [
        1,
        1,
        null,
        null
      ],
      "/Users/will/Turing/3module/projects/sweater-weather/app/controllers/forecasts_controller.rb": [
        1,
        1,
        null,
        null
      ],
      "/Users/will/Turing/3module/projects/sweater-weather/app/controllers/application_controller.rb": [
        1,
        null
      ]
    },
    "timestamp": 1546523849
  }
}
